1521401619167	geckodriver	INFO	geckodriver 0.20.0
1521401619167	geckodriver	INFO	Listening on 127.0.0.1:52458
1521401622198	mozrunner::runner	INFO	Running command: "C:\\Program Files (x86)\\Mozilla Firefox\\firefox.exe" "-marionette" "-profile" "C:\\Users\\bartol\\AppData\\Local\\Temp\\rust_mozprofile.awsTQzrDE25T"
1521401624034	Marionette	INFO	Enabled via --marionette
1521401627208	Marionette	INFO	Listening on port 52467
1521401627604	Marionette	WARN	TLS certificate errors will be ignored for this session
[Parent 5640, Gecko_IOThread] WARNING: pipe error: 109: file z:/build/build/src/ipc/chromium/src/chrome/common/ipc_channel_win.cc, line 346
	INFO	Running command: "C:\\Program Files (x86)\\Mozilla Firefox\\firefox.exe" "-marionette" "-profile" "C:\\Users\\bartol\\AppData\\Local\\Temp\\rust_mozprofile.JW6xum182X4I"
1521401793770	Marionette	INFO	Enabled via --marionette
1521401796434	Marionette	INFO	Listening on port 52520
1521401796650	Marionette	WARN	TLS certificate errors will be ignored for this session
[Parent 5800, Gecko_IOThread] WARNING: pipe error: 109: file z:/build/build/src/ipc/chromium/src/chrome/common/ipc_channel_win.cc, line 346
*** UTM:SVC TimerManager:registerTimer called after profile-before-change notification. Ignoring timer registration for id: telemetry_modules_ping
1521402321489	geckodriver	INFO	geckodriver 0.20.0
1521402321504	geckodriver	INFO	Listening on 127.0.0.1:52596
1521402324536	mozrunner::runner	INFO	Running command: "C:\\Program Files (x86)\\Mozilla Firefox\\firefox.exe" "-marionette" "-profile" "C:\\Users\\bartol\\AppData\\Local\\Temp\\rust_mozprofile.nBcaZhXhDxPb"
1521402325422	Marionette	INFO	Enabled via --marionette
1521402327494	Marionette	INFO	Listening on port 52604
[Child 4100, Chrome_ChildThread] WARNING: pipe error: 109: file z:/build/build/src/ipc/chromium/src/chrome/common/ipc_channel_win.cc, line 346
[Child 4100, Chrome_ChildThread] WARNING: pipe error: 109: file z:/build/build/src/ipc/chromium/src/chrome/common/ipc_channel_win.cc, line 346
1521402327790	Marionette	WARN	TLS certificate errors will be ignored for this session
[Parent 208, Gecko_IOThread] WARNING: pipe error: 109: file z:/build/build/src/ipc/chromium/src/chrome/common/ipc_channel_win.cc, line 346
1521531567328	geckodriver	INFO	geckodriver 0.20.0
1521531567328	geckodriver	INFO	Listening on 127.0.0.1:50310
1521531570360	mozrunner::runner	INFO	Running command: "C:\\Program Files (x86)\\Mozilla Firefox\\firefox.exe" "-marionette" "-profile" "C:\\Users\\bartol\\AppData\\Local\\Temp\\rust_mozprofile.AqpR2I6WRhxJ"
1521531571302	Marionette	INFO	Enabled via --marionette
1521531573232	Marionette	INFO	Listening on port 50318
1521531573628	Marionette	WARN	TLS certificate errors will be ignored for this session
1521532213824	geckodriver	INFO	geckodriver 0.20.0
1521532213839	geckodriver	INFO	Listening on 127.0.0.1:50399
1521532216917	mozrunner::runner	INFO	Running command: "C:\\Program Files (x86)\\Mozilla Firefox\\firefox.exe" "-marionette" "-profile" "C:\\Users\\bartol\\AppData\\Local\\Temp\\rust_mozprofile.lqRlsOObm0Gt"
1521532217878	Marionette	INFO	Enabled via --marionette
1521532220048	Marionette	INFO	Listening on port 50407
1521532220082	Marionette	WARN	TLS certificate errors will be ignored for this session
1521532220700	addons.xpi	WARN	Exception running bootstrap method shutdown on activity-stream@mozilla.org: [Exception... "Component returned failure code: 0x80004005 (NS_ERROR_FAILURE) [nsIObserverService.removeObserver]"  nsresult: "0x80004005 (NS_ERROR_FAILURE)"  location: "JS frame :: resource://activity-stream/lib/SnippetsFeed.jsm :: uninit :: line 125"  data: no] Stack trace: uninit()@resource://activity-stream/lib/SnippetsFeed.jsm:125 < onAction()@resource://activity-stream/lib/SnippetsFeed.jsm:141 < _middleware/</<()@resource://activity-stream/lib/Store.jsm:51 < Store/this[method]()@resource://activity-stream/lib/Store.jsm:30 < uninit()@resource://activity-stream/lib/Store.jsm:153 < uninit()@resource://activity-stream/lib/ActivityStream.jsm:274 < uninit()@resource://gre/modules/addons/XPIProvider.jsm -> jar:file:///C:/Program%20Files%20(x86)/Mozilla%20Firefox/browser/features/activity-stream@mozilla.org.xpi!/bootstrap.js:80 < shutdown()@resource://gre/modules/addons/XPIProvider.jsm -> jar:file:///C:/Program%20Files%20(x86)/Mozilla%20Firefox/browser/features/activity-stream@mozilla.org.xpi!/bootstrap.js:196 < callBootstrapMethod()@resource://gre/modules/addons/XPIProvider.jsm:4419 < observe()@resource://gre/modules/addons/XPIProvider.jsm:2279 < GeckoDriver.prototype.quit()@driver.js:3270 < despatch()@server.js:557 < execute()@server.js:531 < onPacket/<()@server.js:506 < onPacket()@server.js:505 < _onJSONObjectReady/<()@transport.js:500
[Parent 3448, Gecko_IOThread] WARNING: pipe error: 109: file z:/build/build/src/ipc/chromium/src/chrome/common/ipc_channel_win.cc, line 346
*** UTM:SVC TimerManager:registerTimer called after profile-before-change notification. Ignoring timer registration for id: telemetry_modules_ping
1521532223742	geckodriver::marionette	ERROR	Failed to stop browser process
